* installing *source* package ‘JSM’ ...
** libs
g++ -I/usr/share/R/include -DNDEBUG   -I"/home/pantelis/R/x86_64-pc-linux-gnu-library/3.1/Rcpp/include" -I"/home/pantelis/R/x86_64-pc-linux-gnu-library/3.1/RcppEigen/include"   -fpic  -g -O2 -fstack-protector --param=ssp-buffer-size=4 -Wformat -Werror=format-security -D_FORTIFY_SOURCE=2 -g  -c RcppExports.cpp -o RcppExports.o
g++ -I/usr/share/R/include -DNDEBUG   -I"/home/pantelis/R/x86_64-pc-linux-gnu-library/3.1/Rcpp/include" -I"/home/pantelis/R/x86_64-pc-linux-gnu-library/3.1/RcppEigen/include"   -fpic  -g -O2 -fstack-protector --param=ssp-buffer-size=4 -Wformat -Werror=format-security -D_FORTIFY_SOURCE=2 -g  -c calc_M1_M2_Hadamard.cpp -o calc_M1_M2_Hadamard.o
g++ -I/usr/share/R/include -DNDEBUG   -I"/home/pantelis/R/x86_64-pc-linux-gnu-library/3.1/Rcpp/include" -I"/home/pantelis/R/x86_64-pc-linux-gnu-library/3.1/RcppEigen/include"   -fpic  -g -O2 -fstack-protector --param=ssp-buffer-size=4 -Wformat -Werror=format-security -D_FORTIFY_SOURCE=2 -g  -c calc_M1_M2_Hadamard_a.cpp -o calc_M1_M2_Hadamard_a.o
g++ -I/usr/share/R/include -DNDEBUG   -I"/home/pantelis/R/x86_64-pc-linux-gnu-library/3.1/Rcpp/include" -I"/home/pantelis/R/x86_64-pc-linux-gnu-library/3.1/RcppEigen/include"   -fpic  -g -O2 -fstack-protector --param=ssp-buffer-size=4 -Wformat -Werror=format-security -D_FORTIFY_SOURCE=2 -g  -c calc_M1_M2_M3_Hadamard.cpp -o calc_M1_M2_M3_Hadamard.o
g++ -I/usr/share/R/include -DNDEBUG   -I"/home/pantelis/R/x86_64-pc-linux-gnu-library/3.1/Rcpp/include" -I"/home/pantelis/R/x86_64-pc-linux-gnu-library/3.1/RcppEigen/include"   -fpic  -g -O2 -fstack-protector --param=ssp-buffer-size=4 -Wformat -Werror=format-security -D_FORTIFY_SOURCE=2 -g  -c calc_M1_a_M2_Hadamard.cpp -o calc_M1_a_M2_Hadamard.o
g++ -I/usr/share/R/include -DNDEBUG   -I"/home/pantelis/R/x86_64-pc-linux-gnu-library/3.1/Rcpp/include" -I"/home/pantelis/R/x86_64-pc-linux-gnu-library/3.1/RcppEigen/include"   -fpic  -g -O2 -fstack-protector --param=ssp-buffer-size=4 -Wformat -Werror=format-security -D_FORTIFY_SOURCE=2 -g  -c calc_M1timesM2v.cpp -o calc_M1timesM2v.o
g++ -I/usr/share/R/include -DNDEBUG   -I"/home/pantelis/R/x86_64-pc-linux-gnu-library/3.1/Rcpp/include" -I"/home/pantelis/R/x86_64-pc-linux-gnu-library/3.1/RcppEigen/include"   -fpic  -g -O2 -fstack-protector --param=ssp-buffer-size=4 -Wformat -Werror=format-security -D_FORTIFY_SOURCE=2 -g  -c calc_MVND.cpp -o calc_MVND.o
g++ -I/usr/share/R/include -DNDEBUG   -I"/home/pantelis/R/x86_64-pc-linux-gnu-library/3.1/Rcpp/include" -I"/home/pantelis/R/x86_64-pc-linux-gnu-library/3.1/RcppEigen/include"   -fpic  -g -O2 -fstack-protector --param=ssp-buffer-size=4 -Wformat -Werror=format-security -D_FORTIFY_SOURCE=2 -g  -c calc_M_v.cpp -o calc_M_v.o
g++ -I/usr/share/R/include -DNDEBUG   -I"/home/pantelis/R/x86_64-pc-linux-gnu-library/3.1/Rcpp/include" -I"/home/pantelis/R/x86_64-pc-linux-gnu-library/3.1/RcppEigen/include"   -fpic  -g -O2 -fstack-protector --param=ssp-buffer-size=4 -Wformat -Werror=format-security -D_FORTIFY_SOURCE=2 -g  -c calc_VB.cpp -o calc_VB.o
g++ -I/usr/share/R/include -DNDEBUG   -I"/home/pantelis/R/x86_64-pc-linux-gnu-library/3.1/Rcpp/include" -I"/home/pantelis/R/x86_64-pc-linux-gnu-library/3.1/RcppEigen/include"   -fpic  -g -O2 -fstack-protector --param=ssp-buffer-size=4 -Wformat -Werror=format-security -D_FORTIFY_SOURCE=2 -g  -c calc_VY.cpp -o calc_VY.o
g++ -I/usr/share/R/include -DNDEBUG   -I"/home/pantelis/R/x86_64-pc-linux-gnu-library/3.1/Rcpp/include" -I"/home/pantelis/R/x86_64-pc-linux-gnu-library/3.1/RcppEigen/include"   -fpic  -g -O2 -fstack-protector --param=ssp-buffer-size=4 -Wformat -Werror=format-security -D_FORTIFY_SOURCE=2 -g  -c calc_bi_st.cpp -o calc_bi_st.o
g++ -I/usr/share/R/include -DNDEBUG   -I"/home/pantelis/R/x86_64-pc-linux-gnu-library/3.1/Rcpp/include" -I"/home/pantelis/R/x86_64-pc-linux-gnu-library/3.1/RcppEigen/include"   -fpic  -g -O2 -fstack-protector --param=ssp-buffer-size=4 -Wformat -Werror=format-security -D_FORTIFY_SOURCE=2 -g  -c calc_expM2.cpp -o calc_expM2.o
g++ -I/usr/share/R/include -DNDEBUG   -I"/home/pantelis/R/x86_64-pc-linux-gnu-library/3.1/Rcpp/include" -I"/home/pantelis/R/x86_64-pc-linux-gnu-library/3.1/RcppEigen/include"   -fpic  -g -O2 -fstack-protector --param=ssp-buffer-size=4 -Wformat -Werror=format-security -D_FORTIFY_SOURCE=2 -g  -c calc_muB.cpp -o calc_muB.o
g++ -I/usr/share/R/include -DNDEBUG   -I"/home/pantelis/R/x86_64-pc-linux-gnu-library/3.1/Rcpp/include" -I"/home/pantelis/R/x86_64-pc-linux-gnu-library/3.1/RcppEigen/include"   -fpic  -g -O2 -fstack-protector --param=ssp-buffer-size=4 -Wformat -Werror=format-security -D_FORTIFY_SOURCE=2 -g  -c calc_muBMult.cpp -o calc_muBMult.o
g++ -I/usr/share/R/include -DNDEBUG   -I"/home/pantelis/R/x86_64-pc-linux-gnu-library/3.1/Rcpp/include" -I"/home/pantelis/R/x86_64-pc-linux-gnu-library/3.1/RcppEigen/include"   -fpic  -g -O2 -fstack-protector --param=ssp-buffer-size=4 -Wformat -Werror=format-security -D_FORTIFY_SOURCE=2 -g  -c calc_mult_rowsum1.cpp -o calc_mult_rowsum1.o
g++ -I/usr/share/R/include -DNDEBUG   -I"/home/pantelis/R/x86_64-pc-linux-gnu-library/3.1/Rcpp/include" -I"/home/pantelis/R/x86_64-pc-linux-gnu-library/3.1/RcppEigen/include"   -fpic  -g -O2 -fstack-protector --param=ssp-buffer-size=4 -Wformat -Werror=format-security -D_FORTIFY_SOURCE=2 -g  -c calc_mult_rowsum2.cpp -o calc_mult_rowsum2.o
g++ -I/usr/share/R/include -DNDEBUG   -I"/home/pantelis/R/x86_64-pc-linux-gnu-library/3.1/Rcpp/include" -I"/home/pantelis/R/x86_64-pc-linux-gnu-library/3.1/RcppEigen/include"   -fpic  -g -O2 -fstack-protector --param=ssp-buffer-size=4 -Wformat -Werror=format-security -D_FORTIFY_SOURCE=2 -g  -c calc_mult_rowsum3.cpp -o calc_mult_rowsum3.o
g++ -I/usr/share/R/include -DNDEBUG   -I"/home/pantelis/R/x86_64-pc-linux-gnu-library/3.1/Rcpp/include" -I"/home/pantelis/R/x86_64-pc-linux-gnu-library/3.1/RcppEigen/include"   -fpic  -g -O2 -fstack-protector --param=ssp-buffer-size=4 -Wformat -Werror=format-security -D_FORTIFY_SOURCE=2 -g  -c calc_rowsum.cpp -o calc_rowsum.o
g++ -I/usr/share/R/include -DNDEBUG   -I"/home/pantelis/R/x86_64-pc-linux-gnu-library/3.1/Rcpp/include" -I"/home/pantelis/R/x86_64-pc-linux-gnu-library/3.1/RcppEigen/include"   -fpic  -g -O2 -fstack-protector --param=ssp-buffer-size=4 -Wformat -Werror=format-security -D_FORTIFY_SOURCE=2 -g  -c calc_rowsum_mult.cpp -o calc_rowsum_mult.o
g++ -I/usr/share/R/include -DNDEBUG   -I"/home/pantelis/R/x86_64-pc-linux-gnu-library/3.1/Rcpp/include" -I"/home/pantelis/R/x86_64-pc-linux-gnu-library/3.1/RcppEigen/include"   -fpic  -g -O2 -fstack-protector --param=ssp-buffer-size=4 -Wformat -Werror=format-security -D_FORTIFY_SOURCE=2 -g  -c calc_tapply_vect_sum.cpp -o calc_tapply_vect_sum.o
g++ -I/usr/share/R/include -DNDEBUG   -I"/home/pantelis/R/x86_64-pc-linux-gnu-library/3.1/Rcpp/include" -I"/home/pantelis/R/x86_64-pc-linux-gnu-library/3.1/RcppEigen/include"   -fpic  -g -O2 -fstack-protector --param=ssp-buffer-size=4 -Wformat -Werror=format-security -D_FORTIFY_SOURCE=2 -g  -c calc_v_a.cpp -o calc_v_a.o
g++ -I/usr/share/R/include -DNDEBUG   -I"/home/pantelis/R/x86_64-pc-linux-gnu-library/3.1/Rcpp/include" -I"/home/pantelis/R/x86_64-pc-linux-gnu-library/3.1/RcppEigen/include"   -fpic  -g -O2 -fstack-protector --param=ssp-buffer-size=4 -Wformat -Werror=format-security -D_FORTIFY_SOURCE=2 -g  -c fast_lapply_length.cpp -o fast_lapply_length.o
g++ -I/usr/share/R/include -DNDEBUG   -I"/home/pantelis/R/x86_64-pc-linux-gnu-library/3.1/Rcpp/include" -I"/home/pantelis/R/x86_64-pc-linux-gnu-library/3.1/RcppEigen/include"   -fpic  -g -O2 -fstack-protector --param=ssp-buffer-size=4 -Wformat -Werror=format-security -D_FORTIFY_SOURCE=2 -g  -c fast_rbind_lapply_outerprod.cpp -o fast_rbind_lapply_outerprod.o
g++ -shared -L/usr/lib/R/lib -Wl,-Bsymbolic-functions -Wl,-z,relro -o JSM.so RcppExports.o calc_M1_M2_Hadamard.o calc_M1_M2_Hadamard_a.o calc_M1_M2_M3_Hadamard.o calc_M1_a_M2_Hadamard.o calc_M1timesM2v.o calc_MVND.o calc_M_v.o calc_VB.o calc_VY.o calc_bi_st.o calc_expM2.o calc_muB.o calc_muBMult.o calc_mult_rowsum1.o calc_mult_rowsum2.o calc_mult_rowsum3.o calc_rowsum.o calc_rowsum_mult.o calc_tapply_vect_sum.o calc_v_a.o fast_lapply_length.o fast_rbind_lapply_outerprod.o -L/usr/lib/R/lib -lR
installing to /home/pantelis/JSM_PROJECT/Final_Version_V/JSM.Rcheck/JSM/libs
** R
** preparing package for lazy loading
** help
*** installing help indices
** building package indices
** testing if installed package can be loaded
* DONE (JSM)
